2025-11-03 12:54:17,209 - INFO - ====== Starting CDS Manager Script ======
2025-11-03 12:54:17,231 - INFO - Database setup complete.
2025-11-03 12:54:25,168 - INFO - Setting up Selenium Chrome driver...
2025-11-03 12:54:54,163 - INFO - Attempting login...
2025-11-03 12:55:08,999 - INFO - Waiting for cookie banner...
2025-11-03 12:55:12,236 - INFO - Clicked 'Deny all' on cookie banner.
2025-11-03 12:55:12,241 - INFO - Waiting for Login button...
2025-11-03 12:55:13,611 - INFO - Waiting for login form...
2025-11-03 12:55:21,044 - INFO - Entering credentials...
2025-11-03 12:55:22,395 - INFO - Logging in...
2025-11-03 12:55:41,221 - INFO - Waiting for 'Your requests' link...
2025-11-03 12:55:44,534 - INFO - Login successful. On 'Your requests' page.
2025-11-03 12:55:44,539 - INFO - --- Starting new cycle ---
2025-11-03 12:55:44,541 - INFO - --- Starting status update via Selenium ---
2025-11-03 12:55:51,178 - INFO - Waiting for request list to load...
2025-11-03 12:55:52,273 - INFO - Scraping request IDs and statuses...
2025-11-03 12:55:52,609 - INFO - Found 26 requests on page.
2025-11-03 12:56:03,802 - INFO - --- Updating local database with 26 scraped items ---
2025-11-03 12:56:03,889 - INFO - Database update complete. 26 rows updated.
2025-11-03 12:56:03,900 - INFO - --- Status update finished. Active jobs: 0 ---
2025-11-03 12:56:03,904 - INFO - --- Starting new request submission ---
2025-11-03 12:56:03,913 - INFO - Have 8 available slots. Starting new request submissions...
2025-11-03 12:56:03,956 - INFO - Submitting request for: ERA5_hourly_multivariable_AK_2019_Jul-Sep.nc
2025-11-03 12:56:07,936 - INFO -   > Submitted. ID: 21cd0764-a58a-43b5-b9d3-88ea02266b75, Status: accepted
2025-11-03 12:56:07,949 - DEBUG - Waiting 15s before next request...
2025-11-03 12:56:22,950 - INFO - Submitting request for: ERA5_hourly_multivariable_AK_2019_Oct-Dec.nc
2025-11-03 12:56:24,737 - INFO -   > Submitted. ID: ce450517-a56a-4ca4-b2d3-9a28ec785943, Status: accepted
2025-11-03 12:56:24,745 - DEBUG - Waiting 15s before next request...
2025-11-03 12:56:39,746 - INFO - Submitting request for: ERA5_hourly_multivariable_AK_2020_Jan-Mar.nc
2025-11-03 12:56:40,890 - INFO -   > Submitted. ID: 500507c6-2491-42be-b171-97fb87ca8e5e, Status: accepted
2025-11-03 12:56:40,897 - DEBUG - Waiting 15s before next request...
2025-11-03 12:56:55,898 - INFO - Submitting request for: ERA5_hourly_multivariable_AK_2020_Apr-Jun.nc
2025-11-03 12:56:57,510 - INFO -   > Submitted. ID: f4b2b770-86e0-46f2-ba80-4073233ace93, Status: accepted
2025-11-03 12:56:57,525 - DEBUG - Waiting 15s before next request...
2025-11-03 12:57:12,526 - INFO - Submitting request for: ERA5_hourly_multivariable_AK_2020_Jul-Sep.nc
2025-11-03 12:57:14,102 - INFO -   > Submitted. ID: d2ec40c0-87fd-4d83-8009-577b0bdad57b, Status: accepted
2025-11-03 12:57:14,104 - DEBUG - Waiting 15s before next request...
2025-11-03 12:57:29,105 - INFO - Submitting request for: ERA5_hourly_multivariable_AK_2020_Oct-Dec.nc
2025-11-03 12:57:30,527 - INFO -   > Submitted. ID: ca50a969-3f3b-40f6-bd79-403d823f46cb, Status: accepted
2025-11-03 12:57:30,528 - DEBUG - Waiting 15s before next request...
2025-11-03 12:57:45,528 - INFO - Submitting request for: ERA5_hourly_multivariable_AK_2021_Jan-Mar.nc
2025-11-03 12:57:46,758 - INFO -   > Submitted. ID: cb6a978c-720a-4b60-8efc-95f47b54b74d, Status: accepted
2025-11-03 12:57:46,758 - DEBUG - Waiting 15s before next request...
2025-11-03 12:58:01,759 - INFO - Submitting request for: ERA5_hourly_multivariable_AK_2021_Apr-Jun.nc
2025-11-03 12:58:03,373 - INFO -   > Submitted. ID: e6ba8c94-1544-493a-bbf2-c595bd290ce3, Status: accepted
2025-11-03 12:58:03,374 - INFO - Reached max active request limit. Stopping submissions for this cycle.
2025-11-03 12:58:03,375 - INFO - --- Request submission finished. Submitted 8 new requests. ---
2025-11-03 12:58:03,377 - INFO - --- Cycle complete. Sleeping for 1.0 hour(s) ---
2025-11-03 13:10:17,850 - INFO - Keyboard interrupt detected. Shutting down...
2025-11-03 13:10:17,873 - INFO - ====== Shutting down CDS Manager ======
